c:\users\joel\documents\visual studio 2017\projects\rts\rts\x64\debug\vc141.pdb
c:\users\joel\documents\visual studio 2017\projects\rts\rts\x64\debug\vc141.idb
c:\users\joel\documents\visual studio 2017\projects\rts\rts\x64\debug\unitobject.obj
c:\users\joel\documents\visual studio 2017\projects\rts\rts\x64\debug\uiproducer.obj
c:\users\joel\documents\visual studio 2017\projects\rts\rts\x64\debug\uielement.obj
c:\users\joel\documents\visual studio 2017\projects\rts\rts\x64\debug\rts.obj
c:\users\joel\documents\visual studio 2017\projects\rts\rts\x64\debug\gameobject.obj
c:\users\joel\documents\visual studio 2017\projects\rts\rts\x64\debug\buildingobject.obj
c:\users\joel\documents\visual studio 2017\projects\rts\rts\x64\debug\gameengine.obj
c:\users\joel\documents\visual studio 2017\projects\rts\rts\x64\debug\path.obj
c:\users\joel\documents\visual studio 2017\projects\rts\rts\x64\debug\node.obj
c:\users\joel\documents\visual studio 2017\projects\rts\rts\x64\debug\macrovalues.obj
c:\users\joel\documents\visual studio 2017\projects\rts\rts\x64\debug\unitconstructors.obj
c:\users\joel\documents\visual studio 2017\projects\rts\rts\x64\debug\rts.pch
c:\users\joel\documents\visual studio 2017\projects\rts\rts\x64\debug\stdafx.obj
c:\users\joel\documents\visual studio 2017\projects\rts\x64\debug\rts.exe
c:\users\joel\documents\visual studio 2017\projects\rts\x64\debug\rts.ilk
c:\users\joel\documents\visual studio 2017\projects\rts\x64\debug\rts.pdb
c:\users\joel\documents\visual studio 2017\projects\rts\rts\x64\debug\unitobject.obj.enc
c:\users\joel\documents\visual studio 2017\projects\rts\rts\x64\debug\rts.tlog\cl.command.1.tlog
c:\users\joel\documents\visual studio 2017\projects\rts\rts\x64\debug\rts.tlog\cl.read.1.tlog
c:\users\joel\documents\visual studio 2017\projects\rts\rts\x64\debug\rts.tlog\cl.write.1.tlog
c:\users\joel\documents\visual studio 2017\projects\rts\rts\x64\debug\rts.tlog\link.command.1.tlog
c:\users\joel\documents\visual studio 2017\projects\rts\rts\x64\debug\rts.tlog\link.read.1.tlog
c:\users\joel\documents\visual studio 2017\projects\rts\rts\x64\debug\rts.tlog\link.write.1.tlog
